Using built-in specs.
COLLECT_GCC=g++
COLLECT_LTO_WRAPPER=/usr/lib/gcc/x86_64-pc-linux-gnu/7.1.1/lto-wrapper
Target: x86_64-pc-linux-gnu
Configured with: /build/gcc-multilib/src/gcc/configure --prefix=/usr --libdir=/usr/lib --libexecdir=/usr/lib --mandir=/usr/share/man --infodir=/usr/share/info --with-bugurl=https://bugs.archlinux.org/ --enable-languages=c,c++,ada,fortran,go,lto,objc,obj-c++ --enable-shared --enable-threads=posix --enable-libmpx --with-system-zlib --with-isl --enable-__cxa_atexit --disable-libunwind-exceptions --enable-clocale=gnu --disable-libstdcxx-pch --disable-libssp --enable-gnu-unique-object --enable-linker-build-id --enable-lto --enable-plugin --enable-install-libiberty --with-linker-hash-style=gnu --enable-gnu-indirect-function --enable-multilib --disable-werror --enable-checking=release
Thread model: posix
gcc version 7.1.1 20170528 (GCC) 
COMPILER_PATH=/usr/lib/gcc/x86_64-pc-linux-gnu/7.1.1/:/usr/lib/gcc/x86_64-pc-linux-gnu/7.1.1/:/usr/lib/gcc/x86_64-pc-linux-gnu/:/usr/lib/gcc/x86_64-pc-linux-gnu/7.1.1/:/usr/lib/gcc/x86_64-pc-linux-gnu/
LIBRARY_PATH=/usr/lib/gcc/x86_64-pc-linux-gnu/7.1.1/:/usr/lib/gcc/x86_64-pc-linux-gnu/7.1.1/../../../../lib/:/lib/../lib/:/usr/lib/../lib/:/usr/lib/gcc/x86_64-pc-linux-gnu/7.1.1/../../../:/lib/:/usr/lib/
COLLECT_GCC_OPTIONS='-v' '-D' '_GLIBCXX_USE_CXX11_ABI=0' '-L/home/opt/grpc/lib64' '-L/home/opt/grpc/lib' '-L/home/bonly/opt/grpc.git/build/third_party/boringssl/ssl/' '-L/home/bonly/opt/grpc.git/build/third_party/boringssl/crypto/' '-L/home/bonly/opt/grpc.git/build/third_party/cares/' '-L/home/bonly/opt/grpc.git/build/third_party/boringssl/decrepit/' '-L/usr/lib/' '-pthread' '-o' 'he' '-shared-libgcc' '-mtune=generic' '-march=x86-64'
 /usr/lib/gcc/x86_64-pc-linux-gnu/7.1.1/collect2 -plugin /usr/lib/gcc/x86_64-pc-linux-gnu/7.1.1/liblto_plugin.so -plugin-opt=/usr/lib/gcc/x86_64-pc-linux-gnu/7.1.1/lto-wrapper -plugin-opt=-fresolution=/tmp/ccBotOZe.res -plugin-opt=-pass-through=-lgcc_s -plugin-opt=-pass-through=-lgcc -plugin-opt=-pass-through=-lpthread -plugin-opt=-pass-through=-lc -plugin-opt=-pass-through=-lgcc_s -plugin-opt=-pass-through=-lgcc --build-id --eh-frame-hdr --hash-style=gnu -m elf_x86_64 -dynamic-linker /lib64/ld-linux-x86-64.so.2 -o he /usr/lib/gcc/x86_64-pc-linux-gnu/7.1.1/../../../../lib/crt1.o /usr/lib/gcc/x86_64-pc-linux-gnu/7.1.1/../../../../lib/crti.o /usr/lib/gcc/x86_64-pc-linux-gnu/7.1.1/crtbegin.o -L/home/opt/grpc/lib64 -L/home/opt/grpc/lib -L/home/bonly/opt/grpc.git/build/third_party/boringssl/ssl/ -L/home/bonly/opt/grpc.git/build/third_party/boringssl/crypto/ -L/home/bonly/opt/grpc.git/build/third_party/cares/ -L/home/bonly/opt/grpc.git/build/third_party/boringssl/decrepit/ -L/usr/lib/ -L/usr/lib/gcc/x86_64-pc-linux-gnu/7.1.1 -L/usr/lib/gcc/x86_64-pc-linux-gnu/7.1.1/../../../../lib -L/lib/../lib -L/usr/lib/../lib -L/usr/lib/gcc/x86_64-pc-linux-gnu/7.1.1/../../.. -lprotobuf -lz -lrt -lpthread -ldl -lprotobuf -lgrpc++ -lprotobuf-lite grcp_cli.o helloworld.grpc.pb.o helloworld.pb.o -lstdc++ -lm -lgcc_s -lgcc -lpthread -lc -lgcc_s -lgcc /usr/lib/gcc/x86_64-pc-linux-gnu/7.1.1/crtend.o /usr/lib/gcc/x86_64-pc-linux-gnu/7.1.1/../../../../lib/crtn.o
grcp_cli.o: In function `main':
grcp_cli.cc:(.text+0x137): undefined reference to `grpc::InsecureChannelCredentials()'
grcp_cli.cc:(.text+0x16f): undefined reference to `grpc::CreateChannel(std::string const&, std::shared_ptr<grpc::ChannelCredentials> const&)'
grcp_cli.o: In function `google::protobuf::internal::ArenaStringPtr::CreateInstanceNoArena(std::string const*)':
grcp_cli.cc:(.text._ZN6google8protobuf8internal14ArenaStringPtr21CreateInstanceNoArenaEPKSs[_ZN6google8protobuf8internal14ArenaStringPtr21CreateInstanceNoArenaEPKSs]+0x36): undefined reference to `google::protobuf::internal::LogMessage::LogMessage(google::protobuf::LogLevel, char const*, int)'
grcp_cli.cc:(.text._ZN6google8protobuf8internal14ArenaStringPtr21CreateInstanceNoArenaEPKSs[_ZN6google8protobuf8internal14ArenaStringPtr21CreateInstanceNoArenaEPKSs]+0x4c): undefined reference to `google::protobuf::internal::LogMessage::operator<<(char const*)'
grcp_cli.cc:(.text._ZN6google8protobuf8internal14ArenaStringPtr21CreateInstanceNoArenaEPKSs[_ZN6google8protobuf8internal14ArenaStringPtr21CreateInstanceNoArenaEPKSs]+0x5e): undefined reference to `google::protobuf::internal::LogFinisher::operator=(google::protobuf::internal::LogMessage&)'
grcp_cli.cc:(.text._ZN6google8protobuf8internal14ArenaStringPtr21CreateInstanceNoArenaEPKSs[_ZN6google8protobuf8internal14ArenaStringPtr21CreateInstanceNoArenaEPKSs]+0x6e): undefined reference to `google::protobuf::internal::LogMessage::~LogMessage()'
grcp_cli.cc:(.text._ZN6google8protobuf8internal14ArenaStringPtr21CreateInstanceNoArenaEPKSs[_ZN6google8protobuf8internal14ArenaStringPtr21CreateInstanceNoArenaEPKSs]+0xa6): undefined reference to `google::protobuf::internal::LogMessage::~LogMessage()'
grcp_cli.o: In function `google::protobuf::internal::GetEmptyStringAlreadyInited()':
grcp_cli.cc:(.text._ZN6google8protobuf8internal27GetEmptyStringAlreadyInitedEv[_ZN6google8protobuf8internal27GetEmptyStringAlreadyInitedEv]+0x5): undefined reference to `google::protobuf::internal::fixed_address_empty_string'
grcp_cli.o: In function `GreeterClient::SayHello(std::string const&)':
grcp_cli.cc:(.text._ZN13GreeterClient8SayHelloERKSs[_ZN13GreeterClient8SayHelloERKSs]+0x5a): undefined reference to `grpc::ClientContext::ClientContext()'
grcp_cli.cc:(.text._ZN13GreeterClient8SayHelloERKSs[_ZN13GreeterClient8SayHelloERKSs]+0x180): undefined reference to `grpc::ClientContext::~ClientContext()'
grcp_cli.cc:(.text._ZN13GreeterClient8SayHelloERKSs[_ZN13GreeterClient8SayHelloERKSs]+0x1e2): undefined reference to `grpc::ClientContext::~ClientContext()'
helloworld.grpc.pb.o: In function `google::protobuf::io::CodedInputStream::CodedInputStream(google::protobuf::io::ZeroCopyInputStream*)':
helloworld.grpc.pb.cc:(.text._ZN6google8protobuf2io16CodedInputStreamC2EPNS1_19ZeroCopyInputStreamE[_ZN6google8protobuf2io16CodedInputStreamC5EPNS1_19ZeroCopyInputStreamE]+0x92): undefined reference to `google::protobuf::io::CodedInputStream::default_recursion_limit_'
helloworld.grpc.pb.cc:(.text._ZN6google8protobuf2io16CodedInputStreamC2EPNS1_19ZeroCopyInputStreamE[_ZN6google8protobuf2io16CodedInputStreamC5EPNS1_19ZeroCopyInputStreamE]+0x9f): undefined reference to `google::protobuf::io::CodedInputStream::default_recursion_limit_'
helloworld.grpc.pb.cc:(.text._ZN6google8protobuf2io16CodedInputStreamC2EPNS1_19ZeroCopyInputStreamE[_ZN6google8protobuf2io16CodedInputStreamC5EPNS1_19ZeroCopyInputStreamE]+0xca): undefined reference to `google::protobuf::io::CodedInputStream::Refresh()'
helloworld.grpc.pb.o: In function `google::protobuf::MessageLite::ByteSize() const':
helloworld.grpc.pb.cc:(.text._ZNK6google8protobuf11MessageLite8ByteSizeEv[_ZNK6google8protobuf11MessageLite8ByteSizeEv]+0x50): undefined reference to `google::protobuf::internal::LogMessage::LogMessage(google::protobuf::LogLevel, char const*, int)'
helloworld.grpc.pb.cc:(.text._ZNK6google8protobuf11MessageLite8ByteSizeEv[_ZNK6google8protobuf11MessageLite8ByteSizeEv]+0x66): undefined reference to `google::protobuf::internal::LogMessage::operator<<(char const*)'
helloworld.grpc.pb.cc:(.text._ZNK6google8protobuf11MessageLite8ByteSizeEv[_ZNK6google8protobuf11MessageLite8ByteSizeEv]+0x78): undefined reference to `google::protobuf::internal::LogFinisher::operator=(google::protobuf::internal::LogMessage&)'
helloworld.grpc.pb.cc:(.text._ZNK6google8protobuf11MessageLite8ByteSizeEv[_ZNK6google8protobuf11MessageLite8ByteSizeEv]+0x88): undefined reference to `google::protobuf::internal::LogMessage::~LogMessage()'
helloworld.grpc.pb.cc:(.text._ZNK6google8protobuf11MessageLite8ByteSizeEv[_ZNK6google8protobuf11MessageLite8ByteSizeEv]+0xa1): undefined reference to `google::protobuf::internal::LogMessage::~LogMessage()'
helloworld.grpc.pb.o: In function `grpc::SliceReferencingString(std::string const&)':
helloworld.grpc.pb.cc:(.text._ZN4grpc22SliceReferencingStringERKSs[_ZN4grpc22SliceReferencingStringERKSs]+0x18): undefined reference to `grpc::g_core_codegen_interface'
helloworld.grpc.pb.cc:(.text._ZN4grpc22SliceReferencingStringERKSs[_ZN4grpc22SliceReferencingStringERKSs]+0x1f): undefined reference to `grpc::g_core_codegen_interface'
helloworld.grpc.pb.o: In function `grpc::FillMetadataArray(std::multimap<std::string, std::string, std::less<std::string>, std::allocator<std::pair<std::string const, std::string> > > const&, unsigned long*, std::string const&)':
helloworld.grpc.pb.cc:(.text._ZN4grpc17FillMetadataArrayERKSt8multimapISsSsSt4lessISsESaISt4pairIKSsSsEEEPmRS4_[_ZN4grpc17FillMetadataArrayERKSt8multimapISsSsSt4lessISsESaISt4pairIKSsSsEEEPmRS4_]+0x64): undefined reference to `grpc::g_core_codegen_interface'
helloworld.grpc.pb.cc:(.text._ZN4grpc17FillMetadataArrayERKSt8multimapISsSsSt4lessISsESaISt4pairIKSsSsEEEPmRS4_[_ZN4grpc17FillMetadataArrayERKSt8multimapISsSsSt4lessISsESaISt4pairIKSsSsEEEPmRS4_]+0x6b): undefined reference to `grpc::g_core_codegen_interface'
helloworld.grpc.pb.cc:(.text._ZN4grpc17FillMetadataArrayERKSt8multimapISsSsSt4lessISsESaISt4pairIKSsSsEEEPmRS4_[_ZN4grpc17FillMetadataArrayERKSt8multimapISsSsSt4lessISsESaISt4pairIKSsSsEEEPmRS4_]+0x1c2): undefined reference to `grpc::g_core_codegen_interface'
helloworld.grpc.pb.o:helloworld.grpc.pb.cc:(.text._ZN4grpc17FillMetadataArrayERKSt8multimapISsSsSt4lessISsESaISt4pairIKSsSsEEEPmRS4_[_ZN4grpc17FillMetadataArrayERKSt8multimapISsSsSt4lessISsESaISt4pairIKSsSsEEEPmRS4_]+0x1c9): more undefined references to `grpc::g_core_codegen_interface' follow
helloworld.grpc.pb.o: In function `grpc::GrpcLibraryCodegen::GrpcLibraryCodegen(bool)':
helloworld.grpc.pb.cc:(.text._ZN4grpc18GrpcLibraryCodegenC2Eb[_ZN4grpc18GrpcLibraryCodegenC5Eb]+0x2e): undefined reference to `grpc::g_glip'
helloworld.grpc.pb.cc:(.text._ZN4grpc18GrpcLibraryCodegenC2Eb[_ZN4grpc18GrpcLibraryCodegenC5Eb]+0x3a): undefined reference to `grpc::g_core_codegen_interface'
helloworld.grpc.pb.cc:(.text._ZN4grpc18GrpcLibraryCodegenC2Eb[_ZN4grpc18GrpcLibraryCodegenC5Eb]+0x41): undefined reference to `grpc::g_core_codegen_interface'
helloworld.grpc.pb.cc:(.text._ZN4grpc18GrpcLibraryCodegenC2Eb[_ZN4grpc18GrpcLibraryCodegenC5Eb]+0x5f): undefined reference to `grpc::g_glip'
helloworld.grpc.pb.cc:(.text._ZN4grpc18GrpcLibraryCodegenC2Eb[_ZN4grpc18GrpcLibraryCodegenC5Eb]+0x66): undefined reference to `grpc::g_glip'
helloworld.grpc.pb.o: In function `grpc::GrpcLibraryCodegen::~GrpcLibraryCodegen()':
helloworld.grpc.pb.cc:(.text._ZN4grpc18GrpcLibraryCodegenD2Ev[_ZN4grpc18GrpcLibraryCodegenD5Ev]+0x27): undefined reference to `grpc::g_glip'
helloworld.grpc.pb.cc:(.text._ZN4grpc18GrpcLibraryCodegenD2Ev[_ZN4grpc18GrpcLibraryCodegenD5Ev]+0x33): undefined reference to `grpc::g_core_codegen_interface'
helloworld.grpc.pb.cc:(.text._ZN4grpc18GrpcLibraryCodegenD2Ev[_ZN4grpc18GrpcLibraryCodegenD5Ev]+0x3a): undefined reference to `grpc::g_core_codegen_interface'
helloworld.grpc.pb.cc:(.text._ZN4grpc18GrpcLibraryCodegenD2Ev[_ZN4grpc18GrpcLibraryCodegenD5Ev]+0x58): undefined reference to `grpc::g_glip'
helloworld.grpc.pb.cc:(.text._ZN4grpc18GrpcLibraryCodegenD2Ev[_ZN4grpc18GrpcLibraryCodegenD5Ev]+0x5f): undefined reference to `grpc::g_glip'
helloworld.grpc.pb.o: In function `grpc::CompletionQueue::~CompletionQueue()':
helloworld.grpc.pb.cc:(.text._ZN4grpc15CompletionQueueD2Ev[_ZN4grpc15CompletionQueueD5Ev]+0x1b): undefined reference to `grpc::g_core_codegen_interface'
helloworld.grpc.pb.cc:(.text._ZN4grpc15CompletionQueueD2Ev[_ZN4grpc15CompletionQueueD5Ev]+0x22): undefined reference to `grpc::g_core_codegen_interface'
helloworld.grpc.pb.o: In function `grpc::CompletionQueue::CompletionQueue(grpc_completion_queue_attributes const&)':
helloworld.grpc.pb.cc:(.text._ZN4grpc15CompletionQueueC2ERK32grpc_completion_queue_attributes[_ZN4grpc15CompletionQueueC5ERK32grpc_completion_queue_attributes]+0x33): undefined reference to `grpc::g_core_codegen_interface'
helloworld.grpc.pb.cc:(.text._ZN4grpc15CompletionQueueC2ERK32grpc_completion_queue_attributes[_ZN4grpc15CompletionQueueC5ERK32grpc_completion_queue_attributes]+0x3a): undefined reference to `grpc::g_core_codegen_interface'
helloworld.grpc.pb.cc:(.text._ZN4grpc15CompletionQueueC2ERK32grpc_completion_queue_attributes[_ZN4grpc15CompletionQueueC5ERK32grpc_completion_queue_attributes]+0x4b): undefined reference to `grpc::g_core_codegen_interface'
helloworld.grpc.pb.o:helloworld.grpc.pb.cc:(.text._ZN4grpc15CompletionQueueC2ERK32grpc_completion_queue_attributes[_ZN4grpc15CompletionQueueC5ERK32grpc_completion_queue_attributes]+0x52): more undefined references to `grpc::g_core_codegen_interface' follow
helloworld.grpc.pb.o: In function `google::protobuf::io::ZeroCopyInputStream::ZeroCopyInputStream()':
helloworld.grpc.pb.cc:(.text._ZN6google8protobuf2io19ZeroCopyInputStreamC2Ev[_ZN6google8protobuf2io19ZeroCopyInputStreamC5Ev]+0x9): undefined reference to `vtable for google::protobuf::io::ZeroCopyInputStream'
helloworld.grpc.pb.o: In function `google::protobuf::io::ZeroCopyOutputStream::ZeroCopyOutputStream()':
helloworld.grpc.pb.cc:(.text._ZN6google8protobuf2io20ZeroCopyOutputStreamC2Ev[_ZN6google8protobuf2io20ZeroCopyOutputStreamC5Ev]+0x9): undefined reference to `vtable for google::protobuf::io::ZeroCopyOutputStream'
helloworld.grpc.pb.o: In function `grpc::internal::GrpcBufferWriter::GrpcBufferWriter(grpc_byte_buffer**, int)':
helloworld.grpc.pb.cc:(.text._ZN4grpc8internal16GrpcBufferWriterC2EPP16grpc_byte_bufferi[_ZN4grpc8internal16GrpcBufferWriterC5EPP16grpc_byte_bufferi]+0x4d): undefined reference to `grpc::g_core_codegen_interface'
helloworld.grpc.pb.cc:(.text._ZN4grpc8internal16GrpcBufferWriterC2EPP16grpc_byte_bufferi[_ZN4grpc8internal16GrpcBufferWriterC5EPP16grpc_byte_bufferi]+0x54): undefined reference to `grpc::g_core_codegen_interface'
helloworld.grpc.pb.cc:(.text._ZN4grpc8internal16GrpcBufferWriterC2EPP16grpc_byte_bufferi[_ZN4grpc8internal16GrpcBufferWriterC5EPP16grpc_byte_bufferi]+0x9d): undefined reference to `google::protobuf::io::ZeroCopyOutputStream::~ZeroCopyOutputStream()'
helloworld.grpc.pb.o: In function `grpc::internal::GrpcBufferWriter::~GrpcBufferWriter()':
helloworld.grpc.pb.cc:(.text._ZN4grpc8internal16GrpcBufferWriterD2Ev[_ZN4grpc8internal16GrpcBufferWriterD5Ev]+0x27): undefined reference to `grpc::g_core_codegen_interface'
helloworld.grpc.pb.cc:(.text._ZN4grpc8internal16GrpcBufferWriterD2Ev[_ZN4grpc8internal16GrpcBufferWriterD5Ev]+0x2e): undefined reference to `grpc::g_core_codegen_interface'
helloworld.grpc.pb.cc:(.text._ZN4grpc8internal16GrpcBufferWriterD2Ev[_ZN4grpc8internal16GrpcBufferWriterD5Ev]+0x60): undefined reference to `google::protobuf::io::ZeroCopyOutputStream::~ZeroCopyOutputStream()'
helloworld.grpc.pb.o: In function `grpc::internal::GrpcBufferWriter::Next(void**, int*)':
helloworld.grpc.pb.cc:(.text._ZN4grpc8internal16GrpcBufferWriter4NextEPPvPi[_ZN4grpc8internal16GrpcBufferWriter4NextEPPvPi]+0x4e): undefined reference to `grpc::g_core_codegen_interface'
helloworld.grpc.pb.cc:(.text._ZN4grpc8internal16GrpcBufferWriter4NextEPPvPi[_ZN4grpc8internal16GrpcBufferWriter4NextEPPvPi]+0x55): undefined reference to `grpc::g_core_codegen_interface'
helloworld.grpc.pb.cc:(.text._ZN4grpc8internal16GrpcBufferWriter4NextEPPvPi[_ZN4grpc8internal16GrpcBufferWriter4NextEPPvPi]+0xda): undefined reference to `grpc::g_core_codegen_interface'
helloworld.grpc.pb.cc:(.text._ZN4grpc8internal16GrpcBufferWriter4NextEPPvPi[_ZN4grpc8internal16GrpcBufferWriter4NextEPPvPi]+0xe1): undefined reference to `grpc::g_core_codegen_interface'
helloworld.grpc.pb.cc:(.text._ZN4grpc8internal16GrpcBufferWriter4NextEPPvPi[_ZN4grpc8internal16GrpcBufferWriter4NextEPPvPi]+0x143): undefined reference to `grpc::g_core_codegen_interface'
helloworld.grpc.pb.o:helloworld.grpc.pb.cc:(.text._ZN4grpc8internal16GrpcBufferWriter4NextEPPvPi[_ZN4grpc8internal16GrpcBufferWriter4NextEPPvPi]+0x14a): more undefined references to `grpc::g_core_codegen_interface' follow
helloworld.grpc.pb.o: In function `grpc::internal::GrpcBufferReader::GrpcBufferReader(grpc_byte_buffer*)':
helloworld.grpc.pb.cc:(.text._ZN4grpc8internal16GrpcBufferReaderC2EP16grpc_byte_buffer[_ZN4grpc8internal16GrpcBufferReaderC5EP16grpc_byte_buffer]+0x14f): undefined reference to `google::protobuf::io::ZeroCopyInputStream::~ZeroCopyInputStream()'
helloworld.grpc.pb.o: In function `grpc::internal::GrpcBufferReader::~GrpcBufferReader()':
helloworld.grpc.pb.cc:(.text._ZN4grpc8internal16GrpcBufferReaderD2Ev[_ZN4grpc8internal16GrpcBufferReaderD5Ev]+0x1b): undefined reference to `grpc::g_core_codegen_interface'
helloworld.grpc.pb.cc:(.text._ZN4grpc8internal16GrpcBufferReaderD2Ev[_ZN4grpc8internal16GrpcBufferReaderD5Ev]+0x22): undefined reference to `grpc::g_core_codegen_interface'
helloworld.grpc.pb.cc:(.text._ZN4grpc8internal16GrpcBufferReaderD2Ev[_ZN4grpc8internal16GrpcBufferReaderD5Ev]+0x5a): undefined reference to `google::protobuf::io::ZeroCopyInputStream::~ZeroCopyInputStream()'
helloworld.grpc.pb.o: In function `grpc::internal::GrpcBufferReader::Next(void const**, int*)':
helloworld.grpc.pb.cc:(.text._ZN4grpc8internal16GrpcBufferReader4NextEPPKvPi[_ZN4grpc8internal16GrpcBufferReader4NextEPPKvPi]+0xaf): undefined reference to `grpc::g_core_codegen_interface'
helloworld.grpc.pb.cc:(.text._ZN4grpc8internal16GrpcBufferReader4NextEPPKvPi[_ZN4grpc8internal16GrpcBufferReader4NextEPPKvPi]+0xb6): undefined reference to `grpc::g_core_codegen_interface'
helloworld.grpc.pb.cc:(.text._ZN4grpc8internal16GrpcBufferReader4NextEPPKvPi[_ZN4grpc8internal16GrpcBufferReader4NextEPPKvPi]+0xfa): undefined reference to `grpc::g_core_codegen_interface'
helloworld.grpc.pb.cc:(.text._ZN4grpc8internal16GrpcBufferReader4NextEPPKvPi[_ZN4grpc8internal16GrpcBufferReader4NextEPPKvPi]+0x101): undefined reference to `grpc::g_core_codegen_interface'
helloworld.grpc.pb.cc:(.text._ZN4grpc8internal16GrpcBufferReader4NextEPPKvPi[_ZN4grpc8internal16GrpcBufferReader4NextEPPKvPi]+0x13c): undefined reference to `grpc::g_core_codegen_interface'
helloworld.grpc.pb.o:helloworld.grpc.pb.cc:(.text._ZN4grpc8internal16GrpcBufferReader4NextEPPKvPi[_ZN4grpc8internal16GrpcBufferReader4NextEPPKvPi]+0x143): more undefined references to `grpc::g_core_codegen_interface' follow
helloworld.grpc.pb.o: In function `grpc::Status grpc::internal::GenericSerialize<grpc::internal::GrpcBufferWriter, helloworld::HelloRequest>(google::protobuf::Message const&, grpc_byte_buffer**, bool*)':
helloworld.grpc.pb.cc:(.text._ZN4grpc8internal16GenericSerializeINS0_16GrpcBufferWriterEN10helloworld12HelloRequestEEENS_6StatusERKN6google8protobuf7MessageEPP16grpc_byte_bufferPb[_ZN4grpc8internal16GenericSerializeINS0_16GrpcBufferWriterEN10helloworld12HelloRequestEEENS_6StatusERKN6google8protobuf7MessageEPP16grpc_byte_bufferPb]+0x1e6): undefined reference to `google::protobuf::MessageLite::SerializeToZeroCopyStream(google::protobuf::io::ZeroCopyOutputStream*) const'
helloworld.grpc.pb.cc:(.text._ZN4grpc8internal16GenericSerializeINS0_16GrpcBufferWriterEN10helloworld12HelloRequestEEENS_6StatusERKN6google8protobuf7MessageEPP16grpc_byte_bufferPb[_ZN4grpc8internal16GenericSerializeINS0_16GrpcBufferWriterEN10helloworld12HelloRequestEEENS_6StatusERKN6google8protobuf7MessageEPP16grpc_byte_bufferPb]+0x1fc): undefined reference to `grpc::g_core_codegen_interface'
helloworld.grpc.pb.cc:(.text._ZN4grpc8internal16GenericSerializeINS0_16GrpcBufferWriterEN10helloworld12HelloRequestEEENS_6StatusERKN6google8protobuf7MessageEPP16grpc_byte_bufferPb[_ZN4grpc8internal16GenericSerializeINS0_16GrpcBufferWriterEN10helloworld12HelloRequestEEENS_6StatusERKN6google8protobuf7MessageEPP16grpc_byte_bufferPb]+0x203): undefined reference to `grpc::g_core_codegen_interface'
helloworld.grpc.pb.o:(.rodata._ZTVN4grpc8internal16GrpcBufferWriterE[_ZTVN4grpc8internal16GrpcBufferWriterE]+0x38): undefined reference to `google::protobuf::io::ZeroCopyOutputStream::WriteAliasedRaw(void const*, int)'
helloworld.grpc.pb.o:(.rodata._ZTIN4grpc8internal16GrpcBufferReaderE[_ZTIN4grpc8internal16GrpcBufferReaderE]+0x10): undefined reference to `typeinfo for google::protobuf::io::ZeroCopyInputStream'
helloworld.grpc.pb.o:(.rodata._ZTIN4grpc8internal16GrpcBufferWriterE[_ZTIN4grpc8internal16GrpcBufferWriterE]+0x10): undefined reference to `typeinfo for google::protobuf::io::ZeroCopyOutputStream'
helloworld.grpc.pb.o: In function `grpc::CallOpSet<grpc::CallOpSendInitialMetadata, grpc::CallOpSendMessage, grpc::CallOpRecvInitialMetadata, grpc::CallOpRecvMessage<helloworld::HelloReply>, grpc::CallOpClientSendClose, grpc::CallOpClientRecvStatus>::FinalizeResult(void**, bool*)':
helloworld.grpc.pb.cc:(.text._ZN4grpc9CallOpSetINS_25CallOpSendInitialMetadataENS_17CallOpSendMessageENS_25CallOpRecvInitialMetadataENS_17CallOpRecvMessageIN10helloworld10HelloReplyEEENS_21CallOpClientSendCloseENS_22CallOpClientRecvStatusEE14FinalizeResultEPPvPb[_ZN4grpc9CallOpSetINS_25CallOpSendInitialMetadataENS_17CallOpSendMessageENS_25CallOpRecvInitialMetadataENS_17CallOpRecvMessageIN10helloworld10HelloReplyEEENS_21CallOpClientSendCloseENS_22CallOpClientRecvStatusEE14FinalizeResultEPPvPb]+0xb3): undefined reference to `grpc::g_core_codegen_interface'
helloworld.grpc.pb.cc:(.text._ZN4grpc9CallOpSetINS_25CallOpSendInitialMetadataENS_17CallOpSendMessageENS_25CallOpRecvInitialMetadataENS_17CallOpRecvMessageIN10helloworld10HelloReplyEEENS_21CallOpClientSendCloseENS_22CallOpClientRecvStatusEE14FinalizeResultEPPvPb[_ZN4grpc9CallOpSetINS_25CallOpSendInitialMetadataENS_17CallOpSendMessageENS_25CallOpRecvInitialMetadataENS_17CallOpRecvMessageIN10helloworld10HelloReplyEEENS_21CallOpClientSendCloseENS_22CallOpClientRecvStatusEE14FinalizeResultEPPvPb]+0xba): undefined reference to `grpc::g_core_codegen_interface'
helloworld.grpc.pb.o: In function `grpc::CallOpSet<grpc::CallOpSendInitialMetadata, grpc::CallOpSendMessage, grpc::CallOpRecvInitialMetadata, grpc::CallOpRecvMessage<helloworld::HelloReply>, grpc::CallOpClientSendClose, grpc::CallOpClientRecvStatus>::FillOps(grpc_call*, grpc_op*, unsigned long*)':
helloworld.grpc.pb.cc:(.text._ZN4grpc9CallOpSetINS_25CallOpSendInitialMetadataENS_17CallOpSendMessageENS_25CallOpRecvInitialMetadataENS_17CallOpRecvMessageIN10helloworld10HelloReplyEEENS_21CallOpClientSendCloseENS_22CallOpClientRecvStatusEE7FillOpsEP9grpc_callP7grpc_opPm[_ZN4grpc9CallOpSetINS_25CallOpSendInitialMetadataENS_17CallOpSendMessageENS_25CallOpRecvInitialMetadataENS_17CallOpRecvMessageIN10helloworld10HelloReplyEEENS_21CallOpClientSendCloseENS_22CallOpClientRecvStatusEE7FillOpsEP9grpc_callP7grpc_opPm]+0xbd): undefined reference to `grpc::g_core_codegen_interface'
helloworld.grpc.pb.cc:(.text._ZN4grpc9CallOpSetINS_25CallOpSendInitialMetadataENS_17CallOpSendMessageENS_25CallOpRecvInitialMetadataENS_17CallOpRecvMessageIN10helloworld10HelloReplyEEENS_21CallOpClientSendCloseENS_22CallOpClientRecvStatusEE7FillOpsEP9grpc_callP7grpc_opPm[_ZN4grpc9CallOpSetINS_25CallOpSendInitialMetadataENS_17CallOpSendMessageENS_25CallOpRecvInitialMetadataENS_17CallOpRecvMessageIN10helloworld10HelloReplyEEENS_21CallOpClientSendCloseENS_22CallOpClientRecvStatusEE7FillOpsEP9grpc_callP7grpc_opPm]+0xc4): undefined reference to `grpc::g_core_codegen_interface'
helloworld.grpc.pb.o: In function `grpc::RpcMethodHandler<helloworld::Greeter::Service, helloworld::HelloRequest, helloworld::HelloReply>::RunHandler(grpc::MethodHandler::HandlerParameter const&)':
helloworld.grpc.pb.cc:(.text._ZN4grpc16RpcMethodHandlerIN10helloworld7Greeter7ServiceENS1_12HelloRequestENS1_10HelloReplyEE10RunHandlerERKNS_13MethodHandler16HandlerParameterE[_ZN4grpc16RpcMethodHandlerIN10helloworld7Greeter7ServiceENS1_12HelloRequestENS1_10HelloReplyEE10RunHandlerERKNS_13MethodHandler16HandlerParameterE]+0xdf): undefined reference to `grpc::g_core_codegen_interface'
helloworld.grpc.pb.o:helloworld.grpc.pb.cc:(.text._ZN4grpc16RpcMethodHandlerIN10helloworld7Greeter7ServiceENS1_12HelloRequestENS1_10HelloReplyEE10RunHandlerERKNS_13MethodHandler16HandlerParameterE[_ZN4grpc16RpcMethodHandlerIN10helloworld7Greeter7ServiceENS1_12HelloRequestENS1_10HelloReplyEE10RunHandlerERKNS_13MethodHandler16HandlerParameterE]+0xe6): more undefined references to `grpc::g_core_codegen_interface' follow
helloworld.grpc.pb.o: In function `grpc::Status grpc::internal::GenericDeserialize<grpc::internal::GrpcBufferReader, helloworld::HelloRequest>(grpc_byte_buffer*, google::protobuf::Message*)':
helloworld.grpc.pb.cc:(.text._ZN4grpc8internal18GenericDeserializeINS0_16GrpcBufferReaderEN10helloworld12HelloRequestEEENS_6StatusEP16grpc_byte_bufferPN6google8protobuf7MessageE[_ZN4grpc8internal18GenericDeserializeINS0_16GrpcBufferReaderEN10helloworld12HelloRequestEEENS_6StatusEP16grpc_byte_bufferPN6google8protobuf7MessageE]+0x168): undefined reference to `google::protobuf::io::CodedInputStream::SetTotalBytesLimit(int, int)'
helloworld.grpc.pb.cc:(.text._ZN4grpc8internal18GenericDeserializeINS0_16GrpcBufferReaderEN10helloworld12HelloRequestEEENS_6StatusEP16grpc_byte_bufferPN6google8protobuf7MessageE[_ZN4grpc8internal18GenericDeserializeINS0_16GrpcBufferReaderEN10helloworld12HelloRequestEEENS_6StatusEP16grpc_byte_bufferPN6google8protobuf7MessageE]+0x181): undefined reference to `google::protobuf::MessageLite::ParseFromCodedStream(google::protobuf::io::CodedInputStream*)'
helloworld.grpc.pb.cc:(.text._ZN4grpc8internal18GenericDeserializeINS0_16GrpcBufferReaderEN10helloworld12HelloRequestEEENS_6StatusEP16grpc_byte_bufferPN6google8protobuf7MessageE[_ZN4grpc8internal18GenericDeserializeINS0_16GrpcBufferReaderEN10helloworld12HelloRequestEEENS_6StatusEP16grpc_byte_bufferPN6google8protobuf7MessageE]+0x284): undefined reference to `google::protobuf::io::CodedInputStream::~CodedInputStream()'
helloworld.grpc.pb.cc:(.text._ZN4grpc8internal18GenericDeserializeINS0_16GrpcBufferReaderEN10helloworld12HelloRequestEEENS_6StatusEP16grpc_byte_bufferPN6google8protobuf7MessageE[_ZN4grpc8internal18GenericDeserializeINS0_16GrpcBufferReaderEN10helloworld12HelloRequestEEENS_6StatusEP16grpc_byte_bufferPN6google8protobuf7MessageE]+0x2a5): undefined reference to `grpc::g_core_codegen_interface'
helloworld.grpc.pb.cc:(.text._ZN4grpc8internal18GenericDeserializeINS0_16GrpcBufferReaderEN10helloworld12HelloRequestEEENS_6StatusEP16grpc_byte_bufferPN6google8protobuf7MessageE[_ZN4grpc8internal18GenericDeserializeINS0_16GrpcBufferReaderEN10helloworld12HelloRequestEEENS_6StatusEP16grpc_byte_bufferPN6google8protobuf7MessageE]+0x2ac): undefined reference to `grpc::g_core_codegen_interface'
helloworld.grpc.pb.cc:(.text._ZN4grpc8internal18GenericDeserializeINS0_16GrpcBufferReaderEN10helloworld12HelloRequestEEENS_6StatusEP16grpc_byte_bufferPN6google8protobuf7MessageE[_ZN4grpc8internal18GenericDeserializeINS0_16GrpcBufferReaderEN10helloworld12HelloRequestEEENS_6StatusEP16grpc_byte_bufferPN6google8protobuf7MessageE]+0x38c): undefined reference to `google::protobuf::io::CodedInputStream::~CodedInputStream()'
helloworld.grpc.pb.o: In function `grpc::Status grpc::internal::GenericDeserialize<grpc::internal::GrpcBufferReader, helloworld::HelloReply>(grpc_byte_buffer*, google::protobuf::Message*)':
helloworld.grpc.pb.cc:(.text._ZN4grpc8internal18GenericDeserializeINS0_16GrpcBufferReaderEN10helloworld10HelloReplyEEENS_6StatusEP16grpc_byte_bufferPN6google8protobuf7MessageE[_ZN4grpc8internal18GenericDeserializeINS0_16GrpcBufferReaderEN10helloworld10HelloReplyEEENS_6StatusEP16grpc_byte_bufferPN6google8protobuf7MessageE]+0x96): undefined reference to `grpc::g_core_codegen_interface'
helloworld.grpc.pb.cc:(.text._ZN4grpc8internal18GenericDeserializeINS0_16GrpcBufferReaderEN10helloworld10HelloReplyEEENS_6StatusEP16grpc_byte_bufferPN6google8protobuf7MessageE[_ZN4grpc8internal18GenericDeserializeINS0_16GrpcBufferReaderEN10helloworld10HelloReplyEEENS_6StatusEP16grpc_byte_bufferPN6google8protobuf7MessageE]+0x9d): undefined reference to `grpc::g_core_codegen_interface'
helloworld.grpc.pb.cc:(.text._ZN4grpc8internal18GenericDeserializeINS0_16GrpcBufferReaderEN10helloworld10HelloReplyEEENS_6StatusEP16grpc_byte_bufferPN6google8protobuf7MessageE[_ZN4grpc8internal18GenericDeserializeINS0_16GrpcBufferReaderEN10helloworld10HelloReplyEEENS_6StatusEP16grpc_byte_bufferPN6google8protobuf7MessageE]+0x168): undefined reference to `google::protobuf::io::CodedInputStream::SetTotalBytesLimit(int, int)'
helloworld.grpc.pb.cc:(.text._ZN4grpc8internal18GenericDeserializeINS0_16GrpcBufferReaderEN10helloworld10HelloReplyEEENS_6StatusEP16grpc_byte_bufferPN6google8protobuf7MessageE[_ZN4grpc8internal18GenericDeserializeINS0_16GrpcBufferReaderEN10helloworld10HelloReplyEEENS_6StatusEP16grpc_byte_bufferPN6google8protobuf7MessageE]+0x181): undefined reference to `google::protobuf::MessageLite::ParseFromCodedStream(google::protobuf::io::CodedInputStream*)'
helloworld.grpc.pb.cc:(.text._ZN4grpc8internal18GenericDeserializeINS0_16GrpcBufferReaderEN10helloworld10HelloReplyEEENS_6StatusEP16grpc_byte_bufferPN6google8protobuf7MessageE[_ZN4grpc8internal18GenericDeserializeINS0_16GrpcBufferReaderEN10helloworld10HelloReplyEEENS_6StatusEP16grpc_byte_bufferPN6google8protobuf7MessageE]+0x284): undefined reference to `google::protobuf::io::CodedInputStream::~CodedInputStream()'
helloworld.grpc.pb.cc:(.text._ZN4grpc8internal18GenericDeserializeINS0_16GrpcBufferReaderEN10helloworld10HelloReplyEEENS_6StatusEP16grpc_byte_bufferPN6google8protobuf7MessageE[_ZN4grpc8internal18GenericDeserializeINS0_16GrpcBufferReaderEN10helloworld10HelloReplyEEENS_6StatusEP16grpc_byte_bufferPN6google8protobuf7MessageE]+0x2a5): undefined reference to `grpc::g_core_codegen_interface'
helloworld.grpc.pb.cc:(.text._ZN4grpc8internal18GenericDeserializeINS0_16GrpcBufferReaderEN10helloworld10HelloReplyEEENS_6StatusEP16grpc_byte_bufferPN6google8protobuf7MessageE[_ZN4grpc8internal18GenericDeserializeINS0_16GrpcBufferReaderEN10helloworld10HelloReplyEEENS_6StatusEP16grpc_byte_bufferPN6google8protobuf7MessageE]+0x2ac): undefined reference to `grpc::g_core_codegen_interface'
helloworld.grpc.pb.cc:(.text._ZN4grpc8internal18GenericDeserializeINS0_16GrpcBufferReaderEN10helloworld10HelloReplyEEENS_6StatusEP16grpc_byte_bufferPN6google8protobuf7MessageE[_ZN4grpc8internal18GenericDeserializeINS0_16GrpcBufferReaderEN10helloworld10HelloReplyEEENS_6StatusEP16grpc_byte_bufferPN6google8protobuf7MessageE]+0x38c): undefined reference to `google::protobuf::io::CodedInputStream::~CodedInputStream()'
helloworld.grpc.pb.o: In function `grpc::Status grpc::internal::GenericSerialize<grpc::internal::GrpcBufferWriter, helloworld::HelloReply>(google::protobuf::Message const&, grpc_byte_buffer**, bool*)':
helloworld.grpc.pb.cc:(.text._ZN4grpc8internal16GenericSerializeINS0_16GrpcBufferWriterEN10helloworld10HelloReplyEEENS_6StatusERKN6google8protobuf7MessageEPP16grpc_byte_bufferPb[_ZN4grpc8internal16GenericSerializeINS0_16GrpcBufferWriterEN10helloworld10HelloReplyEEENS_6StatusERKN6google8protobuf7MessageEPP16grpc_byte_bufferPb]+0x58): undefined reference to `grpc::g_core_codegen_interface'
helloworld.grpc.pb.cc:(.text._ZN4grpc8internal16GenericSerializeINS0_16GrpcBufferWriterEN10helloworld10HelloReplyEEENS_6StatusERKN6google8protobuf7MessageEPP16grpc_byte_bufferPb[_ZN4grpc8internal16GenericSerializeINS0_16GrpcBufferWriterEN10helloworld10HelloReplyEEENS_6StatusERKN6google8protobuf7MessageEPP16grpc_byte_bufferPb]+0x5f): undefined reference to `grpc::g_core_codegen_interface'
helloworld.grpc.pb.cc:(.text._ZN4grpc8internal16GenericSerializeINS0_16GrpcBufferWriterEN10helloworld10HelloReplyEEENS_6StatusERKN6google8protobuf7MessageEPP16grpc_byte_bufferPb[_ZN4grpc8internal16GenericSerializeINS0_16GrpcBufferWriterEN10helloworld10HelloReplyEEENS_6StatusERKN6google8protobuf7MessageEPP16grpc_byte_bufferPb]+0xf3): undefined reference to `grpc::g_core_codegen_interface'
helloworld.grpc.pb.cc:(.text._ZN4grpc8internal16GenericSerializeINS0_16GrpcBufferWriterEN10helloworld10HelloReplyEEENS_6StatusERKN6google8protobuf7MessageEPP16grpc_byte_bufferPb[_ZN4grpc8internal16GenericSerializeINS0_16GrpcBufferWriterEN10helloworld10HelloReplyEEENS_6StatusERKN6google8protobuf7MessageEPP16grpc_byte_bufferPb]+0xfa): undefined reference to `grpc::g_core_codegen_interface'
helloworld.grpc.pb.cc:(.text._ZN4grpc8internal16GenericSerializeINS0_16GrpcBufferWriterEN10helloworld10HelloReplyEEENS_6StatusERKN6google8protobuf7MessageEPP16grpc_byte_bufferPb[_ZN4grpc8internal16GenericSerializeINS0_16GrpcBufferWriterEN10helloworld10HelloReplyEEENS_6StatusERKN6google8protobuf7MessageEPP16grpc_byte_bufferPb]+0x118): undefined reference to `grpc::g_core_codegen_interface'
helloworld.grpc.pb.o:helloworld.grpc.pb.cc:(.text._ZN4grpc8internal16GenericSerializeINS0_16GrpcBufferWriterEN10helloworld10HelloReplyEEENS_6StatusERKN6google8protobuf7MessageEPP16grpc_byte_bufferPb[_ZN4grpc8internal16GenericSerializeINS0_16GrpcBufferWriterEN10helloworld10HelloReplyEEENS_6StatusERKN6google8protobuf7MessageEPP16grpc_byte_bufferPb]+0x11f): more undefined references to `grpc::g_core_codegen_interface' follow
helloworld.grpc.pb.o: In function `grpc::Status grpc::internal::GenericSerialize<grpc::internal::GrpcBufferWriter, helloworld::HelloReply>(google::protobuf::Message const&, grpc_byte_buffer**, bool*)':
helloworld.grpc.pb.cc:(.text._ZN4grpc8internal16GenericSerializeINS0_16GrpcBufferWriterEN10helloworld10HelloReplyEEENS_6StatusERKN6google8protobuf7MessageEPP16grpc_byte_bufferPb[_ZN4grpc8internal16GenericSerializeINS0_16GrpcBufferWriterEN10helloworld10HelloReplyEEENS_6StatusERKN6google8protobuf7MessageEPP16grpc_byte_bufferPb]+0x1e6): undefined reference to `google::protobuf::MessageLite::SerializeToZeroCopyStream(google::protobuf::io::ZeroCopyOutputStream*) const'
helloworld.grpc.pb.cc:(.text._ZN4grpc8internal16GenericSerializeINS0_16GrpcBufferWriterEN10helloworld10HelloReplyEEENS_6StatusERKN6google8protobuf7MessageEPP16grpc_byte_bufferPb[_ZN4grpc8internal16GenericSerializeINS0_16GrpcBufferWriterEN10helloworld10HelloReplyEEENS_6StatusERKN6google8protobuf7MessageEPP16grpc_byte_bufferPb]+0x1fc): undefined reference to `grpc::g_core_codegen_interface'
helloworld.grpc.pb.cc:(.text._ZN4grpc8internal16GenericSerializeINS0_16GrpcBufferWriterEN10helloworld10HelloReplyEEENS_6StatusERKN6google8protobuf7MessageEPP16grpc_byte_bufferPb[_ZN4grpc8internal16GenericSerializeINS0_16GrpcBufferWriterEN10helloworld10HelloReplyEEENS_6StatusERKN6google8protobuf7MessageEPP16grpc_byte_bufferPb]+0x203): undefined reference to `grpc::g_core_codegen_interface'
helloworld.grpc.pb.o: In function `grpc::CallOpSet<grpc::CallOpSendInitialMetadata, grpc::CallOpSendMessage, grpc::CallOpServerSendStatus, grpc::CallNoOp<4>, grpc::CallNoOp<5>, grpc::CallNoOp<6> >::FinalizeResult(void**, bool*)':
helloworld.grpc.pb.cc:(.text._ZN4grpc9CallOpSetINS_25CallOpSendInitialMetadataENS_17CallOpSendMessageENS_22CallOpServerSendStatusENS_8CallNoOpILi4EEENS4_ILi5EEENS4_ILi6EEEE14FinalizeResultEPPvPb[_ZN4grpc9CallOpSetINS_25CallOpSendInitialMetadataENS_17CallOpSendMessageENS_22CallOpServerSendStatusENS_8CallNoOpILi4EEENS4_ILi5EEENS4_ILi6EEEE14FinalizeResultEPPvPb]+0xa7): undefined reference to `grpc::g_core_codegen_interface'
helloworld.grpc.pb.cc:(.text._ZN4grpc9CallOpSetINS_25CallOpSendInitialMetadataENS_17CallOpSendMessageENS_22CallOpServerSendStatusENS_8CallNoOpILi4EEENS4_ILi5EEENS4_ILi6EEEE14FinalizeResultEPPvPb[_ZN4grpc9CallOpSetINS_25CallOpSendInitialMetadataENS_17CallOpSendMessageENS_22CallOpServerSendStatusENS_8CallNoOpILi4EEENS4_ILi5EEENS4_ILi6EEEE14FinalizeResultEPPvPb]+0xae): undefined reference to `grpc::g_core_codegen_interface'
helloworld.grpc.pb.o: In function `grpc::CallOpSet<grpc::CallOpSendInitialMetadata, grpc::CallOpSendMessage, grpc::CallOpServerSendStatus, grpc::CallNoOp<4>, grpc::CallNoOp<5>, grpc::CallNoOp<6> >::FillOps(grpc_call*, grpc_op*, unsigned long*)':
helloworld.grpc.pb.cc:(.text._ZN4grpc9CallOpSetINS_25CallOpSendInitialMetadataENS_17CallOpSendMessageENS_22CallOpServerSendStatusENS_8CallNoOpILi4EEENS4_ILi5EEENS4_ILi6EEEE7FillOpsEP9grpc_callP7grpc_opPm[_ZN4grpc9CallOpSetINS_25CallOpSendInitialMetadataENS_17CallOpSendMessageENS_22CallOpServerSendStatusENS_8CallNoOpILi4EEENS4_ILi5EEENS4_ILi6EEEE7FillOpsEP9grpc_callP7grpc_opPm]+0xb1): undefined reference to `grpc::g_core_codegen_interface'
helloworld.grpc.pb.o:helloworld.grpc.pb.cc:(.text._ZN4grpc9CallOpSetINS_25CallOpSendInitialMetadataENS_17CallOpSendMessageENS_22CallOpServerSendStatusENS_8CallNoOpILi4EEENS4_ILi5EEENS4_ILi6EEEE7FillOpsEP9grpc_callP7grpc_opPm[_ZN4grpc9CallOpSetINS_25CallOpSendInitialMetadataENS_17CallOpSendMessageENS_22CallOpServerSendStatusENS_8CallNoOpILi4EEENS4_ILi5EEENS4_ILi6EEEE7FillOpsEP9grpc_callP7grpc_opPm]+0xb8): more undefined references to `grpc::g_core_codegen_interface' follow
helloworld.pb.o: In function `helloworld::protobuf_helloworld_2eproto::(anonymous namespace)::protobuf_AssignDescriptors()':
helloworld.pb.cc:(.text+0x5f): undefined reference to `google::protobuf::internal::AssignDescriptors(std::string const&, google::protobuf::internal::MigrationSchema const*, google::protobuf::Message const* const*, unsigned int const*, google::protobuf::MessageFactory*, google::protobuf::Metadata*, google::protobuf::EnumDescriptor const**, google::protobuf::ServiceDescriptor const**)'
helloworld.pb.o: In function `helloworld::protobuf_helloworld_2eproto::(anonymous namespace)::protobuf_RegisterTypes(std::string const&)':
helloworld.pb.cc:(.text+0xe4): undefined reference to `google::protobuf::internal::RegisterAllTypes(google::protobuf::Metadata const*, int)'
helloworld.pb.o: In function `helloworld::protobuf_helloworld_2eproto::TableStruct::InitDefaultsImpl()':
helloworld.pb.cc:(.text+0x16e): undefined reference to `google::protobuf::internal::VerifyVersion(int, int, char const*)'
helloworld.pb.cc:(.text+0x173): undefined reference to `google::protobuf::internal::InitProtobufDefaults()'
helloworld.pb.o: In function `helloworld::protobuf_helloworld_2eproto::AddDescriptorsImpl()':
helloworld.pb.cc:(.text+0x1b8): undefined reference to `google::protobuf::DescriptorPool::InternalAddGeneratedFile(void const*, int)'
helloworld.pb.cc:(.text+0x1c7): undefined reference to `google::protobuf::MessageFactory::InternalRegisterGeneratedFile(char const*, void (*)(std::string const&))'
helloworld.pb.cc:(.text+0x1d1): undefined reference to `google::protobuf::internal::OnShutdown(void (*)())'
helloworld.pb.o: In function `helloworld::HelloRequest::HelloRequest(helloworld::HelloRequest const&)':
helloworld.pb.cc:(.text+0x3c0): undefined reference to `google::protobuf::internal::ArenaStringPtr::AssignWithDefault(std::string const*, google::protobuf::internal::ArenaStringPtr)'
helloworld.pb.o: In function `helloworld::HelloRequest::MergePartialFromCodedStream(google::protobuf::io::CodedInputStream*)':
helloworld.pb.cc:(.text+0x751): undefined reference to `google::protobuf::io::CodedInputStream::ReadTagFallback(unsigned int)'
helloworld.pb.cc:(.text+0x815): undefined reference to `google::protobuf::internal::WireFormatLite::VerifyUtf8String(char const*, int, google::protobuf::internal::WireFormatLite::Operation, char const*)'
helloworld.pb.cc:(.text+0x85e): undefined reference to `google::protobuf::internal::WireFormatLite::SkipField(google::protobuf::io::CodedInputStream*, unsigned int)'
helloworld.pb.o: In function `helloworld::HelloRequest::SerializeWithCachedSizes(google::protobuf::io::CodedOutputStream*) const':
helloworld.pb.cc:(.text+0x8f9): undefined reference to `google::protobuf::internal::WireFormatLite::VerifyUtf8String(char const*, int, google::protobuf::internal::WireFormatLite::Operation, char const*)'
helloworld.pb.cc:(.text+0x91c): undefined reference to `google::protobuf::internal::WireFormatLite::WriteStringMaybeAliased(int, std::string const&, google::protobuf::io::CodedOutputStream*)'
helloworld.pb.o: In function `helloworld::HelloRequest::InternalSerializeWithCachedSizesToArray(bool, unsigned char*) const':
helloworld.pb.cc:(.text+0x996): undefined reference to `google::protobuf::internal::WireFormatLite::VerifyUtf8String(char const*, int, google::protobuf::internal::WireFormatLite::Operation, char const*)'
helloworld.pb.o: In function `helloworld::HelloRequest::MergeFrom(google::protobuf::Message const&)':
helloworld.pb.cc:(.text+0xa73): undefined reference to `google::protobuf::internal::LogMessage::LogMessage(google::protobuf::LogLevel, char const*, int)'
helloworld.pb.cc:(.text+0xa89): undefined reference to `google::protobuf::internal::LogMessage::operator<<(char const*)'
helloworld.pb.cc:(.text+0xa9b): undefined reference to `google::protobuf::internal::LogFinisher::operator=(google::protobuf::internal::LogMessage&)'
helloworld.pb.cc:(.text+0xaab): undefined reference to `google::protobuf::internal::LogMessage::~LogMessage()'
helloworld.pb.cc:(.text+0xad5): undefined reference to `google::protobuf::internal::ReflectionOps::Merge(google::protobuf::Message const&, google::protobuf::Message*)'
helloworld.pb.cc:(.text+0xaff): undefined reference to `google::protobuf::internal::LogMessage::~LogMessage()'
helloworld.pb.o: In function `helloworld::HelloRequest::MergeFrom(helloworld::HelloRequest const&)':
helloworld.pb.cc:(.text+0xb51): undefined reference to `google::protobuf::internal::LogMessage::LogMessage(google::protobuf::LogLevel, char const*, int)'
helloworld.pb.cc:(.text+0xb67): undefined reference to `google::protobuf::internal::LogMessage::operator<<(char const*)'
helloworld.pb.cc:(.text+0xb79): undefined reference to `google::protobuf::internal::LogFinisher::operator=(google::protobuf::internal::LogMessage&)'
helloworld.pb.cc:(.text+0xb89): undefined reference to `google::protobuf::internal::LogMessage::~LogMessage()'
helloworld.pb.cc:(.text+0xc66): undefined reference to `google::protobuf::internal::ArenaStringPtr::AssignWithDefault(std::string const*, google::protobuf::internal::ArenaStringPtr)'
helloworld.pb.cc:(.text+0xc7b): undefined reference to `google::protobuf::internal::LogMessage::~LogMessage()'
helloworld.pb.o: In function `helloworld::HelloReply::HelloReply(helloworld::HelloReply const&)':
helloworld.pb.cc:(.text+0xfa0): undefined reference to `google::protobuf::internal::ArenaStringPtr::AssignWithDefault(std::string const*, google::protobuf::internal::ArenaStringPtr)'
helloworld.pb.o: In function `helloworld::HelloReply::MergePartialFromCodedStream(google::protobuf::io::CodedInputStream*)':
helloworld.pb.cc:(.text+0x1331): undefined reference to `google::protobuf::io::CodedInputStream::ReadTagFallback(unsigned int)'
helloworld.pb.cc:(.text+0x13f5): undefined reference to `google::protobuf::internal::WireFormatLite::VerifyUtf8String(char const*, int, google::protobuf::internal::WireFormatLite::Operation, char const*)'
helloworld.pb.cc:(.text+0x143e): undefined reference to `google::protobuf::internal::WireFormatLite::SkipField(google::protobuf::io::CodedInputStream*, unsigned int)'
helloworld.pb.o: In function `helloworld::HelloReply::SerializeWithCachedSizes(google::protobuf::io::CodedOutputStream*) const':
helloworld.pb.cc:(.text+0x14d9): undefined reference to `google::protobuf::internal::WireFormatLite::VerifyUtf8String(char const*, int, google::protobuf::internal::WireFormatLite::Operation, char const*)'
helloworld.pb.cc:(.text+0x14fc): undefined reference to `google::protobuf::internal::WireFormatLite::WriteStringMaybeAliased(int, std::string const&, google::protobuf::io::CodedOutputStream*)'
helloworld.pb.o: In function `helloworld::HelloReply::InternalSerializeWithCachedSizesToArray(bool, unsigned char*) const':
helloworld.pb.cc:(.text+0x1576): undefined reference to `google::protobuf::internal::WireFormatLite::VerifyUtf8String(char const*, int, google::protobuf::internal::WireFormatLite::Operation, char const*)'
helloworld.pb.o: In function `helloworld::HelloReply::MergeFrom(google::protobuf::Message const&)':
helloworld.pb.cc:(.text+0x1653): undefined reference to `google::protobuf::internal::LogMessage::LogMessage(google::protobuf::LogLevel, char const*, int)'
helloworld.pb.cc:(.text+0x1669): undefined reference to `google::protobuf::internal::LogMessage::operator<<(char const*)'
helloworld.pb.cc:(.text+0x167b): undefined reference to `google::protobuf::internal::LogFinisher::operator=(google::protobuf::internal::LogMessage&)'
helloworld.pb.cc:(.text+0x168b): undefined reference to `google::protobuf::internal::LogMessage::~LogMessage()'
helloworld.pb.cc:(.text+0x16b5): undefined reference to `google::protobuf::internal::ReflectionOps::Merge(google::protobuf::Message const&, google::protobuf::Message*)'
helloworld.pb.cc:(.text+0x16df): undefined reference to `google::protobuf::internal::LogMessage::~LogMessage()'
helloworld.pb.o: In function `helloworld::HelloReply::MergeFrom(helloworld::HelloReply const&)':
helloworld.pb.cc:(.text+0x1731): undefined reference to `google::protobuf::internal::LogMessage::LogMessage(google::protobuf::LogLevel, char const*, int)'
helloworld.pb.cc:(.text+0x1747): undefined reference to `google::protobuf::internal::LogMessage::operator<<(char const*)'
helloworld.pb.cc:(.text+0x1759): undefined reference to `google::protobuf::internal::LogFinisher::operator=(google::protobuf::internal::LogMessage&)'
helloworld.pb.cc:(.text+0x1769): undefined reference to `google::protobuf::internal::LogMessage::~LogMessage()'
helloworld.pb.cc:(.text+0x1846): undefined reference to `google::protobuf::internal::ArenaStringPtr::AssignWithDefault(std::string const*, google::protobuf::internal::ArenaStringPtr)'
helloworld.pb.cc:(.text+0x185b): undefined reference to `google::protobuf::internal::LogMessage::~LogMessage()'
helloworld.pb.o: In function `google::protobuf::Closure::Closure()':
helloworld.pb.cc:(.text._ZN6google8protobuf7ClosureC2Ev[_ZN6google8protobuf7ClosureC5Ev]+0x9): undefined reference to `vtable for google::protobuf::Closure'
helloworld.pb.o: In function `google::protobuf::internal::FunctionClosure0::FunctionClosure0(void (*)(), bool)':
helloworld.pb.cc:(.text._ZN6google8protobuf8internal16FunctionClosure0C2EPFvvEb[_ZN6google8protobuf8internal16FunctionClosure0C5EPFvvEb]+0x22): undefined reference to `vtable for google::protobuf::internal::FunctionClosure0'
helloworld.pb.o: In function `google::protobuf::io::CodedOutputStream::IsDefaultSerializationDeterministic()':
helloworld.pb.cc:(.text._ZN6google8protobuf2io17CodedOutputStream35IsDefaultSerializationDeterministicEv[_ZN6google8protobuf2io17CodedOutputStream35IsDefaultSerializationDeterministicEv]+0x7): undefined reference to `google::protobuf::io::CodedOutputStream::default_serialization_deterministic_'
helloworld.pb.o: In function `google::protobuf::io::CodedOutputStream::VarintSize32(unsigned int)':
helloworld.pb.cc:(.text._ZN6google8protobuf2io17CodedOutputStream12VarintSize32Ej[_ZN6google8protobuf2io17CodedOutputStream12VarintSize32Ej]+0x1e): undefined reference to `google::protobuf::io::CodedOutputStream::VarintSize32Fallback(unsigned int)'
helloworld.pb.o: In function `google::protobuf::GoogleOnceInit(long*, void (*)())':
helloworld.pb.cc:(.text._ZN6google8protobuf14GoogleOnceInitEPlPFvvE[_ZN6google8protobuf14GoogleOnceInitEPlPFvvE]+0x4f): undefined reference to `google::protobuf::GoogleOnceInitImpl(long*, google::protobuf::Closure*)'
helloworld.pb.cc:(.text._ZN6google8protobuf14GoogleOnceInitEPlPFvvE[_ZN6google8protobuf14GoogleOnceInitEPlPFvvE]+0x5b): undefined reference to `google::protobuf::internal::FunctionClosure0::~FunctionClosure0()'
helloworld.pb.cc:(.text._ZN6google8protobuf14GoogleOnceInitEPlPFvvE[_ZN6google8protobuf14GoogleOnceInitEPlPFvvE]+0x6c): undefined reference to `google::protobuf::internal::FunctionClosure0::~FunctionClosure0()'
helloworld.pb.o: In function `google::protobuf::UnknownFieldSet::Clear()':
helloworld.pb.cc:(.text._ZN6google8protobuf15UnknownFieldSet5ClearEv[_ZN6google8protobuf15UnknownFieldSet5ClearEv]+0x20): undefined reference to `google::protobuf::UnknownFieldSet::ClearFallback()'
helloworld.pb.o: In function `google::protobuf::internal::InternalMetadataWithArena::DoMergeFrom(google::protobuf::UnknownFieldSet const&)':
helloworld.pb.cc:(.text._ZN6google8protobuf8internal25InternalMetadataWithArena11DoMergeFromERKNS0_15UnknownFieldSetE[_ZN6google8protobuf8internal25InternalMetadataWithArena11DoMergeFromERKNS0_15UnknownFieldSetE]+0x70): undefined reference to `google::protobuf::UnknownFieldSet::MergeFrom(google::protobuf::UnknownFieldSet const&)'
helloworld.pb.o: In function `google::protobuf::internal::InternalMetadataWithArena::default_instance()':
helloworld.pb.cc:(.text._ZN6google8protobuf8internal25InternalMetadataWithArena16default_instanceEv[_ZN6google8protobuf8internal25InternalMetadataWithArena16default_instanceEv]+0x5): undefined reference to `google::protobuf::UnknownFieldSet::default_instance()'
helloworld.pb.o: In function `google::protobuf::MessageLite::MessageLite()':
helloworld.pb.cc:(.text._ZN6google8protobuf11MessageLiteC2Ev[_ZN6google8protobuf11MessageLiteC5Ev]+0x9): undefined reference to `vtable for google::protobuf::MessageLite'
helloworld.pb.o: In function `google::protobuf::MessageLite::~MessageLite()':
helloworld.pb.cc:(.text._ZN6google8protobuf11MessageLiteD2Ev[_ZN6google8protobuf11MessageLiteD5Ev]+0x9): undefined reference to `vtable for google::protobuf::MessageLite'
helloworld.pb.o: In function `google::protobuf::Message::Message()':
helloworld.pb.cc:(.text._ZN6google8protobuf7MessageC2Ev[_ZN6google8protobuf7MessageC5Ev]+0x19): undefined reference to `vtable for google::protobuf::Message'
helloworld.pb.o: In function `google::protobuf::Message::~Message()':
helloworld.pb.cc:(.text._ZN6google8protobuf7MessageD2Ev[_ZN6google8protobuf7MessageD5Ev]+0xd): undefined reference to `vtable for google::protobuf::Message'
helloworld.pb.o: In function `google::protobuf::internal::WireFormatLite::ReadString(google::protobuf::io::CodedInputStream*, std::string*)':
helloworld.pb.cc:(.text._ZN6google8protobuf8internal14WireFormatLite10ReadStringEPNS0_2io16CodedInputStreamEPSs[_ZN6google8protobuf8internal14WireFormatLite10ReadStringEPNS0_2io16CodedInputStreamEPSs]+0x1f): undefined reference to `google::protobuf::internal::WireFormatLite::ReadBytes(google::protobuf::io::CodedInputStream*, std::string*)'
helloworld.pb.o: In function `google::protobuf::internal::WireFormatLite::WriteStringToArray(int, std::string const&, unsigned char*)':
helloworld.pb.cc:(.text._ZN6google8protobuf8internal14WireFormatLite18WriteStringToArrayEiRKSsPh[_ZN6google8protobuf8internal14WireFormatLite18WriteStringToArrayEiRKSsPh]+0x39): undefined reference to `google::protobuf::io::CodedOutputStream::WriteStringWithSizeToArray(std::string const&, unsigned char*)'
helloworld.pb.o: In function `void google::protobuf::Arena::Own<helloworld::HelloRequest>(helloworld::HelloRequest*)':
helloworld.pb.cc:(.text._ZN6google8protobuf5Arena3OwnIN10helloworld12HelloRequestEEEvPT_[_ZN6google8protobuf5Arena3OwnIN10helloworld12HelloRequestEEEvPT_]+0x3e): undefined reference to `google::protobuf::Arena::AddListNode(void*, void (*)(void*))'
helloworld.pb.o: In function `helloworld::HelloRequest const* google::protobuf::internal::DynamicCastToGenerated<helloworld::HelloRequest const>(google::protobuf::Message const*)':
helloworld.pb.cc:(.text._ZN6google8protobuf8internal22DynamicCastToGeneratedIKN10helloworld12HelloRequestEEEPT_PKNS0_7MessageE[_ZN6google8protobuf8internal22DynamicCastToGeneratedIKN10helloworld12HelloRequestEEEPT_PKNS0_7MessageE]+0x30): undefined reference to `typeinfo for google::protobuf::Message'
helloworld.pb.o: In function `void google::protobuf::Arena::Own<helloworld::HelloReply>(helloworld::HelloReply*)':
helloworld.pb.cc:(.text._ZN6google8protobuf5Arena3OwnIN10helloworld10HelloReplyEEEvPT_[_ZN6google8protobuf5Arena3OwnIN10helloworld10HelloReplyEEEvPT_]+0x3e): undefined reference to `google::protobuf::Arena::AddListNode(void*, void (*)(void*))'
helloworld.pb.o: In function `helloworld::HelloReply const* google::protobuf::internal::DynamicCastToGenerated<helloworld::HelloReply const>(google::protobuf::Message const*)':
helloworld.pb.cc:(.text._ZN6google8protobuf8internal22DynamicCastToGeneratedIKN10helloworld10HelloReplyEEEPT_PKNS0_7MessageE[_ZN6google8protobuf8internal22DynamicCastToGeneratedIKN10helloworld10HelloReplyEEEPT_PKNS0_7MessageE]+0x30): undefined reference to `typeinfo for google::protobuf::Message'
helloworld.pb.o: In function `google::protobuf::internal::InternalMetadataWithArenaBase<google::protobuf::UnknownFieldSet, google::protobuf::internal::InternalMetadataWithArena>::mutable_unknown_fields_slow()':
helloworld.pb.cc:(.text._ZN6google8protobuf8internal29InternalMetadataWithArenaBaseINS0_15UnknownFieldSetENS1_25InternalMetadataWithArenaEE27mutable_unknown_fields_slowEv[_ZN6google8protobuf8internal29InternalMetadataWithArenaBaseINS0_15UnknownFieldSetENS1_25InternalMetadataWithArenaEE27mutable_unknown_fields_slowEv]+0xbd): undefined reference to `google::protobuf::Arena::AllocateAligned(std::type_info const*, unsigned long)'
helloworld.pb.cc:(.text._ZN6google8protobuf8internal29InternalMetadataWithArenaBaseINS0_15UnknownFieldSetENS1_25InternalMetadataWithArenaEE27mutable_unknown_fields_slowEv[_ZN6google8protobuf8internal29InternalMetadataWithArenaBaseINS0_15UnknownFieldSetENS1_25InternalMetadataWithArenaEE27mutable_unknown_fields_slowEv]+0x118): undefined reference to `google::protobuf::Arena::AddListNode(void*, void (*)(void*))'
helloworld.pb.o:(.rodata._ZTVN10helloworld10HelloReplyE[_ZTVN10helloworld10HelloReplyE]+0x20): undefined reference to `google::protobuf::Message::GetTypeName() const'
helloworld.pb.o:(.rodata._ZTVN10helloworld10HelloReplyE[_ZTVN10helloworld10HelloReplyE]+0x58): undefined reference to `google::protobuf::Message::InitializationErrorString() const'
helloworld.pb.o:(.rodata._ZTVN10helloworld10HelloReplyE[_ZTVN10helloworld10HelloReplyE]+0x60): undefined reference to `google::protobuf::Message::CheckTypeAndMergeFrom(google::protobuf::MessageLite const&)'
helloworld.pb.o:(.rodata._ZTVN10helloworld10HelloReplyE[_ZTVN10helloworld10HelloReplyE]+0xa8): undefined reference to `google::protobuf::Message::DiscardUnknownFields()'
helloworld.pb.o:(.rodata._ZTVN10helloworld10HelloReplyE[_ZTVN10helloworld10HelloReplyE]+0xb0): undefined reference to `google::protobuf::Message::SpaceUsed() const'
helloworld.pb.o:(.rodata._ZTVN10helloworld12HelloRequestE[_ZTVN10helloworld12HelloRequestE]+0x20): undefined reference to `google::protobuf::Message::GetTypeName() const'
helloworld.pb.o:(.rodata._ZTVN10helloworld12HelloRequestE[_ZTVN10helloworld12HelloRequestE]+0x58): undefined reference to `google::protobuf::Message::InitializationErrorString() const'
helloworld.pb.o:(.rodata._ZTVN10helloworld12HelloRequestE[_ZTVN10helloworld12HelloRequestE]+0x60): undefined reference to `google::protobuf::Message::CheckTypeAndMergeFrom(google::protobuf::MessageLite const&)'
helloworld.pb.o:(.rodata._ZTVN10helloworld12HelloRequestE[_ZTVN10helloworld12HelloRequestE]+0xa8): undefined reference to `google::protobuf::Message::DiscardUnknownFields()'
helloworld.pb.o:(.rodata._ZTVN10helloworld12HelloRequestE[_ZTVN10helloworld12HelloRequestE]+0xb0): undefined reference to `google::protobuf::Message::SpaceUsed() const'
helloworld.pb.o:(.rodata._ZTIN10helloworld10HelloReplyE[_ZTIN10helloworld10HelloReplyE]+0x10): undefined reference to `typeinfo for google::protobuf::Message'
helloworld.pb.o:(.rodata._ZTIN10helloworld12HelloRequestE[_ZTIN10helloworld12HelloRequestE]+0x10): undefined reference to `typeinfo for google::protobuf::Message'
collect2: error: ld returned 1 exit status
make: *** [makefile:53: he] Error 1
